2019
1460
978
809
647
573
237
466
744
971
971
943
943
603
323
58
58
86
86
46
91
111
111
77
95
107
107
5155
5270
5316
5301
5288
5244
163
93
47
334
339
397
418
418
494
323
317
291
269
326
283
217
217
284
316
215
185
226
230
132
156
311
332
239
(R) Burn Zombie Burn!
(R) Sopwith VR
(R) Have a Nice Death
(R) SPORE™ Galactic Adventures
[0] 439550 'n Verlore Verstand Apr/2016 50000 - 100000 0 14.99 1 [English, French, Italian, German, Spanish - Spain, Arabic, Bulgarian, Czech, Danish, Dutch, Finnish, Greek, Hungarian, Japanese, Korean, Norwegian, Polish, Portuguese, Portuguese - Brazil, Romanian, Russian, Simplified Chinese, Swedish, Thai, Traditional Chinese, Turkish, Ukrainian] http://www.skobbejakgames.com true true true 39% 2h 20m Skobbejak Games,Skermunkel [Adventure, Casual, Indie] 
[1] 1507410 Coloring Book for Kids Mar/2021 50000 - 100000 0 0.00 1 [English, French, Italian, German, Arabic, Czech, Danish, Dutch, Hungarian, Japanese, Korean, Norwegian, Polish, Portuguese - Brazil, Romanian, Russian, Simplified Chinese, Spanish - Latin America, Swedish, Thai, Turkish, Vietnamese] null true true false 89% null Peaksel [Casual, Free to Play, Indie] 
