840010 Garden Paws Dec/2018 50000 - 100000 0 19.99 2 [English] http://www.gardenpawsgame.com true true false 0.9170639 346 Bitten Toast Games Inc. [Ljava.lang.String;@610455d6 
866510 !AnyWay! Jun/2018 50000 - 100000 0 1.79 37 [English, Russian, French, Italian, German, Polish, Ukrainian, Swedish, Simplified Chinese]  true false false 0.68523675 353 EYEFRONT [Ljava.lang.String;@511d50c0 
1970560 Bobbi Adventure May/2022 50000 - 100000 0 24.99 0 [English]  true false false 0.6666667 0 Felio Stung ROG [Ljava.lang.String;@60e53b93 
411740 Yet Another World Nov/2015 50000 - 100000 0 5.99 0 [English]  true true true 0.7794118 384 Energy Milk [Ljava.lang.String;@5e2de80c 
1509590 Fujiwara Bittersweet Jan/2021 50000 - 100000 0 0.0 0 [English]  true true true 0.90689653 0 MagicBenchVN [Ljava.lang.String;@1d44bcfa 
458520 Wrath of Anna Apr/2018 50000 - 100000 0 19.99 1 [English, Spanish - Spain, Hungarian, German, Norwegian, Polish, Swedish, Russian] http://LorenzoEnt.com true false false 0.3478261 170 Lorenzo Ent.,Michael L. Fiorentino Gutierrez [Ljava.lang.String;@266474c2 
920210 LEGO® Star Wars™: The Skywalker Saga Apr/2022 500000 - 1000000 0 49.99 8 [English, French, Italian, German, Spanish - Spain, Arabic, Danish, Dutch, Korean, Polish, Portuguese - Brazil, Russian, Spanish - Latin America, Traditional Chinese, Japanese]  true false false 0.9232983 1362 TT Games [Ljava.lang.String;@6f94fa3e 
1444020 Reactor Tech² Aug/2021 50000 - 100000 0 14.99 0 [English, Russian]  true false false 0.67537314 0 4Co [Ljava.lang.String;@5e481248 
1232460 Onee Chanbara ORIGIN Oct/2020 50000 - 100000 18 59.99 96 [English, Simplified Chinese, Traditional Chinese, Japanese, Korean]  true false false 0.71875 145 Tamsoft [Ljava.lang.String;@66d3c617 
2026070 Tank Commander: Battlefield Jul/2022 50000 - 100000 0 2.99 0 [English]  true false false 1.0 0 SP GAMES [Ljava.lang.String;@63947c6b 
258880 Professional Farmer 2014 Nov/2013 50000 - 100000 0 2.99 2 [English, French, Italian, German, Spanish - Spain, Polish, Russian, Dutch, Swedish, Norwegian] http://www.professional-farmer.com/ true false false 0.4570957 1929 PlayWay S.A. [Ljava.lang.String;@2b193f2d 
295250 Stranded May/2014 50000 - 100000 0 0.49 0 [English]  true true true 0.34632036 236 Peter Moorhead [Ljava.lang.String;@355da254 
299500 International Snooker May/2014 50000 - 100000 0 5.99 0 [English] http://www.bigheadgames.co.uk/ true false false 0.6241497 71 Big Head Games Ltd [Ljava.lang.String;@4dc63996 
574080 Fog of War Jun/2018 50000 - 100000 0 4.99 1 [English, Russian]  true false false 0.4848101 374 Monkeys Lab. [Ljava.lang.String;@d716361 
598780 Boreal Blade Nov/2020 50000 - 100000 0 3.99 0 [English, French, Italian, German, Spanish - Spain, Japanese, Korean, Portuguese - Brazil, Russian, Simplified Chinese] https://www.borealblade.com true false false 0.6614786 0 Frozenbyte [Ljava.lang.String;@6ff3c5b5 
1217190 浮世万千之前世今生 Jan/2020 50000 - 100000 0 5.49 1 [Simplified Chinese]  true false false 0.7830189 0 飞天大胖喵 [Ljava.lang.String;@3764951d 
257730 Infinity Wars: Animated Trading Card Game Sep/2014 500000 - 1000000 0 0.0 0 [English, Simplified Chinese] http://www.infinitywarsgame.com true false false 0.7714201 384 Lightmare Studios [Ljava.lang.String;@4b1210ee 
1807730 Lab Bio-Terror Dec/2021 50000 - 100000 0 12.99 0 [English]  true false false 0.8235294 0 VOLTECH [Ljava.lang.String;@4d7e1886 
773670 Delete Jan/2018 50000 - 100000 0 1.99 0 [English, French, Italian, German, Spanish - Spain, Danish, Ukrainian, Russian, Bulgarian, Hungarian, Turkish, Greek, Norwegian, Czech, Japanese, Polish, Thai, Swedish, Simplified Chinese, Traditional Chinese, Romanian, Finnish, Dutch, Portuguese, Portuguese - Brazil, Arabic, Korean]  true true false 0.9617997 84 PONY [Ljava.lang.String;@3cd1a2f1 
1803150 Void Slayer Jan/2022 50000 - 100000 0 4.99 0 [English]  true false false 0.7894737 0 Madmind Studio: After hours [Ljava.lang.String;@2f0e140b 
1573070 Endless Furry Blackjack Mar/2021 50000 - 100000 0 0.99 0 [English] https://m.youtube.com/ericyoungvfx/ true false false 0.2 0 Tegridy Made Games [Ljava.lang.String;@7440e464 
513930 J.U.R : Japan Underground Racing Aug/2016 50000 - 100000 0 0.49 0 [English]  true false false 0.32380953 0 JDM4iK [Ljava.lang.String;@49476842 
385250 Paint it Back Oct/2015 50000 - 100000 0 7.99 0 [English] http://casuallabs.com/wp/?page_id=24 true true true 0.9830508 0 Casual Labs [Ljava.lang.String;@78308db1 
261880 Corporate Lifestyle Simulator Mar/2014 50000 - 100000 0 4.99 1 [English] http://www.dolphinbarn.com true false false 0.82945734 247 DolphinBarn [Ljava.lang.String;@27c170f0 
533300 Zup! Oct/2016 500000 - 1000000 0 0.99 1 [English, French, Italian, German, Spanish - Spain, Arabic, Bulgarian, Portuguese - Brazil, Hungarian, Greek, Danish, Traditional Chinese, Simplified Chinese, Korean, Dutch, Norwegian, Polish, Portuguese, Romanian, Russian, Thai, Turkish, Ukrainian, Finnish, Czech, Swedish, Japanese] http://quietriver.info/ true false false 0.9442329 102 Quiet River [Ljava.lang.String;@5451c3a8 
542340 Slingshot people Oct/2016 500000 - 1000000 0 0.99 0 [English] http://www.vsemagy.ru/index.php true false false 0.4703731 230 StalkerAlex [Ljava.lang.String;@2626b418 
1209040 Cyber Hunter Jun/2020 500000 - 1000000 0 0.0 0 [English, French, German, Spanish - Spain, Russian, Japanese, Simplified Chinese, Traditional Chinese, Portuguese - Brazil, Korean, Thai, Vietnamese] https://www.cyberhunter.game/ true false false 0.73495674 341 NetEase Games [Ljava.lang.String;@5a07e868 
8790 GTR 2 FIA GT Racing Game Dec/2012 50000 - 100000 0 7.99 0 [English] http://www.simbin.com/games/gtr2/ true false false 0.92578125 11 SimBin Studios AB [Ljava.lang.String;@76ed5528 
8000 Tomb Raider: Anniversary Jun/2007 500000 - 1000000 13 8.99 0 [English, French, German, Italian, Spanish - Spain] http://www.tombraider.com/anniversary/ true false false 0.821295 360 Crystal Dynamics [Ljava.lang.String;@2c7b84de 
415150 Pang Adventures Apr/2016 50000 - 100000 0 9.99 0 [English, French, Italian, German, Spanish - Spain, Portuguese - Brazil, Russian] https://www.facebook.com/Pang.Adventures/ true false false 0.79701495 209 Dotemu [Ljava.lang.String;@3fee733d 
2012500 The Katydids Incident Jun/2022 50000 - 100000 0 4.99 0 [English] https://punxstudios.co true false false 1.0 0 Punx Studios [Ljava.lang.String;@5acf9800 
691150 Saku Saku: Love Blooms with the Cherry Blossoms Oct/2017 50000 - 100000 0 19.99 0 [English]  true false false 0.91566265 316 PALETTE [Ljava.lang.String;@4617c264 
283370 Marine Sharpshooter II: Jungle Warfare Apr/2014 50000 - 100000 0 2.99 0 [English] http://www.funboxmedia.co.uk/ true false false 0.31663686 123 Jarhead Games [Ljava.lang.String;@36baf30c 
249650 Blackguards Jan/2014 500000 - 1000000 0 0.99 2 [English, German, French, Spanish - Spain, Portuguese - Brazil, Russian, Italian, Japanese, Korean, Czech, Turkish, Polish, Simplified Chinese] http://www.blackguards-game.com true false false 0.61992407 538 Daedalic Entertainment [Ljava.lang.String;@7a81197d 
268870 Satellite Reign Aug/2015 500000 - 1000000 0 29.99 3 [English, French, Italian, German, Spanish - Spain, Czech, Russian] http://www.satellitereign.com/ true true true 0.7125871 318 5 Lives Studios [Ljava.lang.String;@5ca881b5 
1172510 Unlock The King Nov/2019 50000 - 100000 0 0.99 0 [English]  true true false 0.9591837 0 Minimol Games [Ljava.lang.String;@24d46ca6 
927890 Hentai Girl Linda Dec/2018 50000 - 100000 0 0.99 0 [English, French, Italian, German, Spanish - Spain, Danish, Ukrainian, Russian, Bulgarian, Hungarian, Turkish, Greek, Norwegian, Czech, Japanese, Polish, Thai, Swedish, Simplified Chinese, Traditional Chinese, Romanian, Finnish, Dutch, Portuguese, Portuguese - Brazil, Arabic, Korean, Spanish - Latin America, Vietnamese]  true true false 0.9425287 73 GirlGames [Ljava.lang.String;@4517d9a3 
25700 Madballs in Babo:Invasion Sep/2009 50000 - 100000 0 4.99 7 [English, German, Korean, Portuguese, Spanish - Spain, French, Italian, Russian] http://www.baboinvasion.com true true false 0.8382353 255 Playbrains [Ljava.lang.String;@372f7a8d 
281610 Homeworld: Deserts of Kharak Jan/2016 500000 - 1000000 0 49.99 4 [English, French, Italian, German, Spanish - Spain, Russian, Polish] http://www.desertsofkharak.com true true false 0.8298397 512 Blackbird Interactive [Ljava.lang.String;@2f92e0f4 
485610 Ball 3D: Soccer Online Mar/2017 500000 - 1000000 0 9.99 0 [English] http://www.ball3d.com true true false 0.82861614 169 Unusualsoft [Ljava.lang.String;@28a418fc 
1276850 Kane's Shadow Apr/2020 50000 - 100000 0 0.0 0 [English]  true true false 0.6666667 0 Plush Productions LLC [Ljava.lang.String;@5305068a 
722340 Captain vs Sky Pirates Oct/2017 50000 - 100000 0 2.99 5 [English] https://store.steampowered.com/publisher/boogygames/ true false false 0.25 0 Boogygames Studios [Ljava.lang.String;@1f32e575 
1499640 Y.E.T.I Jan/2021 50000 - 100000 0 0.49 0 [English] https://anpa.us true false false 0.8 0 Racing Bros [Ljava.lang.String;@279f2327 
1848450 Nightmare of Decay May/2022 50000 - 100000 0 3.99 0 [English, French, Polish, Russian, Simplified Chinese, Traditional Chinese, Spanish - Latin America, Portuguese - Brazil, Italian, German, Czech, Hungarian, Turkish, Norwegian, Swedish]  true false false 0.979734 356 Checkmaty [Ljava.lang.String;@2ff4acd0 
615700 A Plunge into Darkness Mar/2020 50000 - 100000 0 5.99 1 [English] https://www.aldorlea.org/ true false false 0.73333335 0 Aldorlea [Ljava.lang.String;@54bedef2 
744980 Super Club Soccer Oct/2019 50000 - 100000 0 0.0 0 [English] http://www.superclubsoccer.com/ true false true 0.6853933 0 Trick27 Studios Limited [Ljava.lang.String;@5caf905d 
10180 Call of Duty®: Modern Warfare® 2 (2009) Nov/2009 5000000 - 10000000 0 19.99 2 [English, French, German, Italian, Spanish - Spain] https://www.callofduty.com/ true true false 0.93085665 776 Infinity Ward [Ljava.lang.String;@27716f4 
234390 Teleglitch: Die More Edition Jul/2013 500000 - 1000000 0 3.24 1 [English] http://www.teleglitch.com true true true 0.85112566 140 Test3 Projects [Ljava.lang.String;@8efb846 
1641670 EdgeOfTheAbyssAwaken Jun/2022 50000 - 100000 0 18.99 3 [English, Simplified Chinese]  true false false 0.7440945 0 TrinityBJ [Ljava.lang.String;@2a84aee7 
427520 Factorio Aug/2020 5000000 - 10000000 0 30.0 1 [English, French, Italian, German, Spanish - Spain, Hungarian, Dutch, Norwegian, Polish, Portuguese, Portuguese - Brazil, Romanian, Finnish, Swedish, Czech, Russian, Ukrainian, Japanese, Simplified Chinese, Traditional Chinese, Korean, Turkish] https://www.factorio.com true true true 0.96531963 5383 Wube Software LTD. [Ljava.lang.String;@a09ee92 
