1397690 Riot At World Sep/2020 50000 - 100000 0 0.99 0 [English] null true false false 0% null Zeruk Studios [Action, Adventure, Casual, Indie] 
1397690 Riot At World Sep/2020 50000 - 100000 0 0.99 0 [English] null true false false 0% null Zeruk Studios [Action, Adventure, Casual, Indie] 
310450 Steel & Steam: Episode 1 Jul/2014 50000 - 100000 0 0.00 0 [English] www.redmeatgames.ca true false false 32% 4m Red Meat Games [RPG] 
546490 Heart and Seoul Nov/2016 50000 - 100000 0 1.49 1 [English, Simplified Chinese] null true true true 45% 4h 18m Sapphire Dragon Productions [Casual, Simulation] 
884550 Mist of the Dark Aug/2018 50000 - 100000 0 0.00 0 [English] null true false false 47% null Visualistic Studios, LLC. [Violent, Gore, Action, Free to Play, Indie, Early Access] 
884550 Mist of the Dark Aug/2018 50000 - 100000 0 0.00 0 [English] null true false false 47% null Visualistic Studios, LLC. [Violent, Gore, Action, Free to Play, Indie, Early Access] 
588160 Pizza Connection 3 Mar/2018 50000 - 100000 0 1.99 1 [English, French, Italian, German, Spanish - Spain, Polish, Russian, Simplified Chinese, Portuguese - Brazil] null true true true 48% 6h 21m Gentlymad Studios [Simulation, Strategy] 
1457920 VITATIO 3 Dec/2020 50000 - 100000 0 2.99 9 [English] null true false false 50% null ColloseusX [Action, Casual, Indie] 
310450 Steel & Steam: Episode 1 Jul/2014 50000 - 100000 0 0.00 0 [English] www.redmeatgames.ca true false false 32% 4m Red Meat Games [RPG] 
622470 Road Dogs Sep/2017 50000 - 100000 0 0.00 0 [English, Russian] https://roaddogs.online true true true 51% 13m Teletower Studios [Action, Adventure, Free to Play, Indie, Massively Multiplayer, Racing, RPG, Strategy, Early Access] 
622470 Road Dogs Sep/2017 50000 - 100000 0 0.00 0 [English, Russian] https://roaddogs.online true true true 51% 13m Teletower Studios [Action, Adventure, Free to Play, Indie, Massively Multiplayer, Racing, RPG, Strategy, Early Access] 
622470 Road Dogs Sep/2017 50000 - 100000 0 0.00 0 [English, Russian] https://roaddogs.online true true true 51% 13m Teletower Studios [Action, Adventure, Free to Play, Indie, Massively Multiplayer, Racing, RPG, Strategy, Early Access] 
579820 Robinson: The Journey Feb/2017 50000 - 100000 0 19.99 0 [English, French, Italian, German, Spanish - Spain] http://robinsonthegame.com/ true false false 53% 1h 39m Crytek [Adventure] 
579820 Robinson: The Journey Feb/2017 50000 - 100000 0 19.99 0 [English, French, Italian, German, Spanish - Spain] http://robinsonthegame.com/ true false false 53% 1h 39m Crytek [Adventure] 
960330 Dark Gnome Mar/2019 50000 - 100000 0 0.00 0 [English, German, Polish] https://company.upjers.com/en/ true false false 55% 1m upjers [Action, Casual, Free to Play, Strategy] 
410390 Warhammer: Vermintide VR - Hero Trials Dec/2016 50000 - 100000 0 0.00 0 [English] http://www.vermintide.com true false false 60% null Fatshark [Violent, Gore, Action, Free to Play] 
886960 Dragon Spear Aug/2018 50000 - 100000 0 14.99 3 [English, Korean, Simplified Chinese, Traditional Chinese, Japanese] null true true false 63% 19h 25m Game2Gather [Action, Adventure, Indie, RPG] 
886960 Dragon Spear Aug/2018 50000 - 100000 0 14.99 3 [English, Korean, Simplified Chinese, Traditional Chinese, Japanese] null true true false 63% 19h 25m Game2Gather [Action, Adventure, Indie, RPG] 
1570070 Beholder 3 Mar/2022 50000 - 100000 0 14.99 0 [English, German, Russian, Simplified Chinese] null true false false 66% null Paintbucket Games [Adventure, Indie, Simulation, Strategy] 
1570070 Beholder 3 Mar/2022 50000 - 100000 0 14.99 0 [English, German, Russian, Simplified Chinese] null true false false 66% null Paintbucket Games [Adventure, Indie, Simulation, Strategy] 
277270 Return to Mysterious Island 2 Mar/2014 50000 - 100000 0 1.19 0 [English, French, Italian, German, Spanish - Spain, Polish, Russian] null true false false 66% 7h 2m Kheops Studio [Adventure, Casual] 
1877330 NEXT DOOR - An Eternal World Feb/2022 50000 - 100000 0 5.99 0 [Japanese] http://nextdoor.html.xdomain.jp/ true false false 67% null 莞爾の草 [Adventure, Indie, RPG] 
524030 Machine Learning: Episode I Sep/2016 50000 - 100000 0 0.99 0 [English] null true false false 67% 3h 40m Volens Nolens Games [Action, Adventure, Free to Play, Indie] 
524030 Machine Learning: Episode I Sep/2016 50000 - 100000 0 0.99 0 [English] null true false false 67% 3h 40m Volens Nolens Games [Action, Adventure, Free to Play, Indie] 
4520 Full Spectrum Warrior Jul/2007 50000 - 100000 0 9.99 0 [English, French, Italian, Spanish - Spain, Korean, German] null true false false 68% 7m Pandemic Studios [Action, Strategy] 
1785120 Forsake Mar/2022 50000 - 100000 0 3.99 0 [English] https://www.unseeninteractive.com true false false 68% null Unseen Interactive [Indie, Early Access] 
1099400 唤境引擎 Evkworld Jul/2019 50000 - 100000 0 0.00 0 [Simplified Chinese] https://www.evkworld.com/ true true false 69% null 星飞游戏 [Game Development] 
438180 Super Mustache Jan/2016 500000 - 1000000 0 1.99 0 [English] http://www.backtobasicsgaming.com/ true false false 73% 3h 21m Redro Games [Action, Adventure, Casual, Indie] 
438180 Super Mustache Jan/2016 500000 - 1000000 0 1.99 0 [English] http://www.backtobasicsgaming.com/ true false false 73% 3h 21m Redro Games [Action, Adventure, Casual, Indie] 
703940 Ball 2D: Soccer Online Sep/2017 50000 - 100000 0 0.00 0 [English] null true true false 76% 17m Unusualsoft [Action, Casual, Free to Play, Indie, Massively Multiplayer, Simulation, Sports] 
668550 8Doors: Arum's Afterlife Adventure Apr/2021 50000 - 100000 0 19.99 2 [Korean, English, Simplified Chinese, German, Spanish - Spain, Russian, Japanese, Portuguese - Brazil, French] https://playneowiz.com/8doors true false false 78% null Rootless Studio [Action, Adventure, Indie] 
45740 Dead Rising® 2 Sep/2010 500000 - 1000000 17 19.99 4 [English, French, Italian, Spanish - Spain, Japanese, Korean] http://www.deadrising-2.com/ true false false 78% 6h 51m Capcom Vancouver [Action, Adventure] 
1489630 Carrier Command 2 Aug/2021 50000 - 100000 0 29.99 1 [English, French, German, Spanish - Spain, Japanese, Portuguese - Brazil, Russian, Simplified Chinese] https://www.microprose.com/games/carrier-command-2/ true true false 78% 11h 12m Geometa [Action, Adventure, Simulation, Strategy] 
594050 Red Alliance Oct/2018 50000 - 100000 0 5.99 0 [English, Russian, French, Turkish] null true false false 78% 2h 36m 2ndUp Studios [Action, Adventure, Indie] 
594050 Red Alliance Oct/2018 50000 - 100000 0 5.99 0 [English, Russian, French, Turkish] null true false false 78% 2h 36m 2ndUp Studios [Action, Adventure, Indie] 
1543150 The Fermi Paradox Jul/2021 50000 - 100000 0 18.99 1 [English] http://fermi-paradox.com/ true false false 79% null Anomaly Games [Indie, Simulation, Strategy, Early Access] 
1543150 The Fermi Paradox Jul/2021 50000 - 100000 0 18.99 1 [English] http://fermi-paradox.com/ true false false 79% null Anomaly Games [Indie, Simulation, Strategy, Early Access] 
1543150 The Fermi Paradox Jul/2021 50000 - 100000 0 18.99 1 [English] http://fermi-paradox.com/ true false false 79% null Anomaly Games [Indie, Simulation, Strategy, Early Access] 
1543150 The Fermi Paradox Jul/2021 50000 - 100000 0 18.99 1 [English] http://fermi-paradox.com/ true false false 79% null Anomaly Games [Indie, Simulation, Strategy, Early Access] 
826600 I am not a Monster: First Contact Sep/2018 50000 - 100000 0 10.99 1 [English, Russian, Simplified Chinese, French, German, Spanish - Spain] https://iamnotamonster.com?utm_source=SteamPage true false false 79% 16h 32m Cheerdealers [Indie, Massively Multiplayer, RPG, Strategy] 
822990 Spinnortality | cyberpunk management sim Feb/2019 50000 - 100000 0 9.99 1 [English, German, French, Turkish] https://spinnortality.com true true true 79% null James Patton [Indie, Simulation, Strategy] 
1489630 Carrier Command 2 Aug/2021 50000 - 100000 0 29.99 1 [English, French, German, Spanish - Spain, Japanese, Portuguese - Brazil, Russian, Simplified Chinese] https://www.microprose.com/games/carrier-command-2/ true true false 78% 11h 12m Geometa [Action, Adventure, Simulation, Strategy] 
1419730 Seek Girl Ⅵ Sep/2020 50000 - 100000 0 1.99 1 [English, Simplified Chinese] null true false false 80% 45h 44m DSGame [Casual, Indie, Strategy] 
1770660 Deluded I Dec/2021 50000 - 100000 0 6.99 0 [English, French, Italian, German, Spanish - Spain, Arabic, Hungarian, Japanese, Portuguese, Portuguese - Brazil, Russian, Simplified Chinese, Spanish - Latin America, Turkish, Ukrainian] https://www.newideagames.com/ true false false 81% null New IDEA Games [Action, Adventure, RPG] 
1770660 Deluded I Dec/2021 50000 - 100000 0 6.99 0 [English, French, Italian, German, Spanish - Spain, Arabic, Hungarian, Japanese, Portuguese, Portuguese - Brazil, Russian, Simplified Chinese, Spanish - Latin America, Turkish, Ukrainian] https://www.newideagames.com/ true false false 81% null New IDEA Games [Action, Adventure, RPG] 
438180 Super Mustache Jan/2016 500000 - 1000000 0 1.99 0 [English] http://www.backtobasicsgaming.com/ true false false 73% 3h 21m Redro Games [Action, Adventure, Casual, Indie] 
1770660 Deluded I Dec/2021 50000 - 100000 0 6.99 0 [English, French, Italian, German, Spanish - Spain, Arabic, Hungarian, Japanese, Portuguese, Portuguese - Brazil, Russian, Simplified Chinese, Spanish - Latin America, Turkish, Ukrainian] https://www.newideagames.com/ true false false 81% null New IDEA Games [Action, Adventure, RPG] 
1770660 Deluded I Dec/2021 50000 - 100000 0 6.99 0 [English, French, Italian, German, Spanish - Spain, Arabic, Hungarian, Japanese, Portuguese, Portuguese - Brazil, Russian, Simplified Chinese, Spanish - Latin America, Turkish, Ukrainian] https://www.newideagames.com/ true false false 81% null New IDEA Games [Action, Adventure, RPG] 
438180 Super Mustache Jan/2016 500000 - 1000000 0 1.99 0 [English] http://www.backtobasicsgaming.com/ true false false 73% 3h 21m Redro Games [Action, Adventure, Casual, Indie] 
1770660 Deluded I Dec/2021 50000 - 100000 0 6.99 0 [English, French, Italian, German, Spanish - Spain, Arabic, Hungarian, Japanese, Portuguese, Portuguese - Brazil, Russian, Simplified Chinese, Spanish - Latin America, Turkish, Ukrainian] https://www.newideagames.com/ true false false 81% null New IDEA Games [Action, Adventure, RPG] 
1770660 Deluded I Dec/2021 50000 - 100000 0 6.99 0 [English, French, Italian, German, Spanish - Spain, Arabic, Hungarian, Japanese, Portuguese, Portuguese - Brazil, Russian, Simplified Chinese, Spanish - Latin America, Turkish, Ukrainian] https://www.newideagames.com/ true false false 81% null New IDEA Games [Action, Adventure, RPG] 
1420770 Winter Resort Simulator 2 Nov/2020 50000 - 100000 0 24.99 3 [English, German, French, Italian, Spanish - Spain, Polish] null true false false 81% 12h 23m HR Innoways [Casual, Indie, Simulation] 
588160 Pizza Connection 3 Mar/2018 50000 - 100000 0 1.99 1 [English, French, Italian, German, Spanish - Spain, Polish, Russian, Simplified Chinese, Portuguese - Brazil] null true true true 48% 6h 21m Gentlymad Studios [Simulation, Strategy] 
1420770 Winter Resort Simulator 2 Nov/2020 50000 - 100000 0 24.99 3 [English, German, French, Italian, Spanish - Spain, Polish] null true false false 81% 12h 23m HR Innoways [Casual, Indie, Simulation] 
392470 NOBUNAGA'S AMBITION: Sphere of Influence Sep/2015 50000 - 100000 0 59.99 9 [English] http://www.koeitecmoamerica.com/sphereofinfluence/ true false false 83% null KOEI TECMO GAMES CO., LTD. [Strategy] 
392470 NOBUNAGA'S AMBITION: Sphere of Influence Sep/2015 50000 - 100000 0 59.99 9 [English] http://www.koeitecmoamerica.com/sphereofinfluence/ true false false 83% null KOEI TECMO GAMES CO., LTD. [Strategy] 
594050 Red Alliance Oct/2018 50000 - 100000 0 5.99 0 [English, Russian, French, Turkish] null true false false 78% 2h 36m 2ndUp Studios [Action, Adventure, Indie] 
594050 Red Alliance Oct/2018 50000 - 100000 0 5.99 0 [English, Russian, French, Turkish] null true false false 78% 2h 36m 2ndUp Studios [Action, Adventure, Indie] 
1543150 The Fermi Paradox Jul/2021 50000 - 100000 0 18.99 1 [English] http://fermi-paradox.com/ true false false 79% null Anomaly Games [Indie, Simulation, Strategy, Early Access] 
1543150 The Fermi Paradox Jul/2021 50000 - 100000 0 18.99 1 [English] http://fermi-paradox.com/ true false false 79% null Anomaly Games [Indie, Simulation, Strategy, Early Access] 
1543150 The Fermi Paradox Jul/2021 50000 - 100000 0 18.99 1 [English] http://fermi-paradox.com/ true false false 79% null Anomaly Games [Indie, Simulation, Strategy, Early Access] 
1543150 The Fermi Paradox Jul/2021 50000 - 100000 0 18.99 1 [English] http://fermi-paradox.com/ true false false 79% null Anomaly Games [Indie, Simulation, Strategy, Early Access] 
392470 NOBUNAGA'S AMBITION: Sphere of Influence Sep/2015 50000 - 100000 0 59.99 9 [English] http://www.koeitecmoamerica.com/sphereofinfluence/ true false false 83% null KOEI TECMO GAMES CO., LTD. [Strategy] 
392470 NOBUNAGA'S AMBITION: Sphere of Influence Sep/2015 50000 - 100000 0 59.99 9 [English] http://www.koeitecmoamerica.com/sphereofinfluence/ true false false 83% null KOEI TECMO GAMES CO., LTD. [Strategy] 
1894760 SnakeGame Feb/2022 50000 - 100000 0 24.99 0 [English] null true false false 85% null galesoozka [Casual] 
482450 Nitroplus Blasterz: Heroines Infinite Duel Dec/2016 50000 - 100000 0 19.99 0 [English, Japanese] http://www.nitroplusblasterz.com true false false 90% 3h 50m EXAMU [Action] 
1419730 Seek Girl Ⅵ Sep/2020 50000 - 100000 0 1.99 1 [English, Simplified Chinese] null true false false 80% 45h 44m DSGame [Casual, Indie, Strategy] 
482450 Nitroplus Blasterz: Heroines Infinite Duel Dec/2016 50000 - 100000 0 19.99 0 [English, Japanese] http://www.nitroplusblasterz.com true false false 90% 3h 50m EXAMU [Action] 
523660 HYPERCHARGE: Unboxed Apr/2020 500000 - 1000000 0 19.99 3 [English, French, German, Spanish - Spain, Spanish - Latin America, Italian, Japanese, Korean, Simplified Chinese, Traditional Chinese, Portuguese - Brazil, Russian] http://www.hypercharge.digitalcybercherries.com/ true false true 91% 2h Digital Cybercherries [Action, Adventure, Casual, Indie, Strategy] 
1035750 文字獄 Mar/2019 50000 - 100000 0 0.00 0 [Traditional Chinese] https://jiahojiangames.com/zh/ true true true 91% null Jia-Ho Jian [Adventure, Free to Play, Indie] 
517910 Sisyphus Reborn Sep/2016 50000 - 100000 0 0.00 2 [English, Spanish - Spain, German, French] http://www.myshkin.net/sisyphus-reborn true false true 93% 1135h 59m Edwin Montgomery,Myshkin Entertainment [Adventure] 
517910 Sisyphus Reborn Sep/2016 50000 - 100000 0 0.00 2 [English, Spanish - Spain, German, French] http://www.myshkin.net/sisyphus-reborn true false true 93% 1135h 59m Edwin Montgomery,Myshkin Entertainment [Adventure] 
517910 Sisyphus Reborn Sep/2016 50000 - 100000 0 0.00 2 [English, Spanish - Spain, German, French] http://www.myshkin.net/sisyphus-reborn true false true 93% 1135h 59m Edwin Montgomery,Myshkin Entertainment [Adventure] 
432380 Hydra Slayer Mar/2016 50000 - 100000 0 5.99 0 [English] http://roguetemple.com/z/hydra/ true true true 95% null Zeno Rogue [RPG, Strategy] 
32360 The Secret of Monkey Island: Special Edition Jul/2009 500000 - 1000000 0 9.99 0 [English, French, German, Italian, Spanish - Spain] http://www.monkeyislandspecialedition.com true false false 95% 4h 19m LucasArts [Adventure] 
